# JRE version: OpenJDK Runtime Environment (7.0_95) (build 1.7.0_95-b00)
# Java VM: OpenJDK 64-Bit Server VM (24.95-b01 mixed mode linux-amd64 compressed oops)
Heap
 PSYoungGen      total 448000K, used 104244K [0x00000007d7000000, 0x0000000800000000, 0x0000000800000000)
  eden space 224256K, 0% used [0x00000007d7000000,0x00000007d7000000,0x00000007e4b00000)
  from space 223744K, 46% used [0x00000007f2580000,0x00000007f8b4d348,0x0000000800000000)
  to   space 223744K, 0% used [0x00000007e4b00000,0x00000007e4b00000,0x00000007f2580000)
 ParOldGen       total 931840K, used 931559K [0x0000000785000000, 0x00000007bde00000, 0x00000007d7000000)
  object space 931840K, 99% used [0x0000000785000000,0x00000007bddb9d50,0x00000007bde00000)
 PSPermGen       total 21504K, used 3201K [0x000000077aa00000, 0x000000077bf00000, 0x0000000785000000)
  object space 21504K, 14% used [0x000000077aa00000,0x000000077ad20420,0x000000077bf00000)
GC Heap History (10 events):
Event: 19,988 GC heap after
Heap after GC invocations=17 (full 4):
 PSYoungGen      total 411136K, used 92896K [0x00000007d7000000, 0x0000000800000000, 0x0000000800000000)
  eden space 187392K, 0% used [0x00000007d7000000,0x00000007d7000000,0x00000007e2700000)
  from space 223744K, 41% used [0x00000007e2700000,0x00000007e81b8000,0x00000007f0180000)
  to   space 223744K, 0% used [0x00000007f2580000,0x00000007f2580000,0x0000000800000000)
 ParOldGen       total 634880K, used 634538K [0x0000000785000000, 0x00000007abc00000, 0x00000007d7000000)
  object space 634880K, 99% used [0x0000000785000000,0x00000007abbaaad0,0x00000007abc00000)
 PSPermGen       total 21504K, used 3201K [0x000000077aa00000, 0x000000077bf00000, 0x0000000785000000)
  object space 21504K, 14% used [0x000000077aa00000,0x000000077ad20420,0x000000077bf00000)
}
Event: 20,003 GC heap before
{Heap before GC invocations=18 (full 5):
 PSYoungGen      total 411136K, used 92896K [0x00000007d7000000, 0x0000000800000000, 0x0000000800000000)
  eden space 187392K, 0% used [0x00000007d7000000,0x00000007d7000000,0x00000007e2700000)
  from space 223744K, 41% used [0x00000007e2700000,0x00000007e81b8000,0x00000007f0180000)
  to   space 223744K, 0% used [0x00000007f2580000,0x00000007f2580000,0x0000000800000000)
 ParOldGen       total 634880K, used 634538K [0x0000000785000000, 0x00000007abc00000, 0x00000007d7000000)
  object space 634880K, 99% used [0x0000000785000000,0x00000007abbaaad0,0x00000007abc00000)
 PSPermGen       total 21504K, used 3201K [0x000000077aa00000, 0x000000077bf00000, 0x0000000785000000)
  object space 21504K, 14% used [0x000000077aa00000,0x000000077ad20420,0x000000077bf00000)
Event: 23,806 GC heap after
Heap after GC invocations=18 (full 5):
 PSYoungGen      total 411136K, used 78891K [0x00000007d7000000, 0x0000000800000000, 0x0000000800000000)
  eden space 187392K, 0% used [0x00000007d7000000,0x00000007d7000000,0x00000007e2700000)
  from space 223744K, 35% used [0x00000007e2700000,0x00000007e740ad48,0x00000007f0180000)
  to   space 223744K, 0% used [0x00000007f2580000,0x00000007f2580000,0x0000000800000000)
 ParOldGen       total 894976K, used 634609K [0x0000000785000000, 0x00000007bba00000, 0x00000007d7000000)
  object space 894976K, 70% used [0x0000000785000000,0x00000007abbbc460,0x00000007bba00000)
 PSPermGen       total 21504K, used 3201K [0x000000077aa00000, 0x000000077bf00000, 0x0000000785000000)
  object space 21504K, 14% used [0x000000077aa00000,0x000000077ad20420,0x000000077bf00000)
}
Event: 24,171 GC heap before
{Heap before GC invocations=19 (full 5):
 PSYoungGen      total 411136K, used 266283K [0x00000007d7000000, 0x0000000800000000, 0x0000000800000000)
  eden space 187392K, 100% used [0x00000007d7000000,0x00000007e2700000,0x00000007e2700000)
  from space 223744K, 35% used [0x00000007e2700000,0x00000007e740ad48,0x00000007f0180000)
  to   space 223744K, 0% used [0x00000007f2580000,0x00000007f2580000,0x0000000800000000)
 ParOldGen       total 894976K, used 634609K [0x0000000785000000, 0x00000007bba00000, 0x00000007d7000000)
  object space 894976K, 70% used [0x0000000785000000,0x00000007abbbc460,0x00000007bba00000)
 PSPermGen       total 21504K, used 3201K [0x000000077aa00000, 0x000000077bf00000, 0x0000000785000000)
  object space 21504K, 14% used [0x000000077aa00000,0x000000077ad20420,0x000000077bf00000)
Event: 24,825 GC heap after
Heap after GC invocations=19 (full 5):
 PSYoungGen      total 426496K, used 93504K [0x00000007d7000000, 0x00000007feb00000, 0x0000000800000000)
  eden space 224256K, 0% used [0x00000007d7000000,0x00000007d7000000,0x00000007e4b00000)
  from space 202240K, 46% used [0x00000007f2580000,0x00000007f80d0000,0x00000007feb00000)
  to   space 212992K, 0% used [0x00000007e4b00000,0x00000007e4b00000,0x00000007f1b00000)
 ParOldGen       total 894976K, used 713889K [0x0000000785000000, 0x00000007bba00000, 0x00000007d7000000)
  object space 894976K, 79% used [0x0000000785000000,0x00000007b0928460,0x00000007bba00000)
 PSPermGen       total 21504K, used 3201K [0x000000077aa00000, 0x000000077bf00000, 0x0000000785000000)
  object space 21504K, 14% used [0x000000077aa00000,0x000000077ad20420,0x000000077bf00000)
}
Event: 25,273 GC heap before
{Heap before GC invocations=20 (full 5):
 PSYoungGen      total 426496K, used 317760K [0x00000007d7000000, 0x00000007feb00000, 0x0000000800000000)
  eden space 224256K, 100% used [0x00000007d7000000,0x00000007e4b00000,0x00000007e4b00000)
  from space 202240K, 46% used [0x00000007f2580000,0x00000007f80d0000,0x00000007feb00000)
  to   space 212992K, 0% used [0x00000007e4b00000,0x00000007e4b00000,0x00000007f1b00000)
 ParOldGen       total 894976K, used 713889K [0x0000000785000000, 0x00000007bba00000, 0x00000007d7000000)
  object space 894976K, 79% used [0x0000000785000000,0x00000007b0928460,0x00000007bba00000)
 PSPermGen       total 21504K, used 3201K [0x000000077aa00000, 0x000000077bf00000, 0x0000000785000000)
  object space 21504K, 14% used [0x000000077aa00000,0x000000077ad20420,0x000000077bf00000)
Event: 25,806 GC heap after
Heap after GC invocations=20 (full 5):
 PSYoungGen      total 437248K, used 212992K [0x00000007d7000000, 0x0000000800000000, 0x0000000800000000)
  eden space 224256K, 0% used [0x00000007d7000000,0x00000007d7000000,0x00000007e4b00000)
  from space 212992K, 100% used [0x00000007e4b00000,0x00000007f1b00000,0x00000007f1b00000)
  to   space 223744K, 0% used [0x00000007f2580000,0x00000007f2580000,0x0000000800000000)
 ParOldGen       total 894976K, used 717977K [0x0000000785000000, 0x00000007bba00000, 0x00000007d7000000)
  object space 894976K, 80% used [0x0000000785000000,0x00000007b0d26460,0x00000007bba00000)
 PSPermGen       total 21504K, used 3201K [0x000000077aa00000, 0x000000077bf00000, 0x0000000785000000)
  object space 21504K, 14% used [0x000000077aa00000,0x000000077ad20420,0x000000077bf00000)
}
Event: 26,072 GC heap before
{Heap before GC invocations=21 (full 5):
 PSYoungGen      total 437248K, used 437248K [0x00000007d7000000, 0x0000000800000000, 0x0000000800000000)
  eden space 224256K, 100% used [0x00000007d7000000,0x00000007e4b00000,0x00000007e4b00000)
  from space 212992K, 100% used [0x00000007e4b00000,0x00000007f1b00000,0x00000007f1b00000)
  to   space 223744K, 0% used [0x00000007f2580000,0x00000007f2580000,0x0000000800000000)
 ParOldGen       total 894976K, used 717977K [0x0000000785000000, 0x00000007bba00000, 0x00000007d7000000)
  object space 894976K, 80% used [0x0000000785000000,0x00000007b0d26460,0x00000007bba00000)
 PSPermGen       total 21504K, used 3201K [0x000000077aa00000, 0x000000077bf00000, 0x0000000785000000)
  object space 21504K, 14% used [0x000000077aa00000,0x000000077ad20420,0x000000077bf00000)
Event: 26,897 GC heap after
Heap after GC invocations=21 (full 5):
 PSYoungGen      total 448000K, used 128000K [0x00000007d7000000, 0x0000000800000000, 0x0000000800000000)
  eden space 224256K, 0% used [0x00000007d7000000,0x00000007d7000000,0x00000007e4b00000)
  from space 223744K, 57% used [0x00000007f2580000,0x00000007fa280000,0x0000000800000000)
  to   space 223744K, 0% used [0x00000007e4b00000,0x00000007e4b00000,0x00000007f2580000)
 ParOldGen       total 931840K, used 931705K [0x0000000785000000, 0x00000007bde00000, 0x00000007d7000000)
  object space 931840K, 99% used [0x0000000785000000,0x00000007bddde460,0x00000007bde00000)
 PSPermGen       total 21504K, used 3201K [0x000000077aa00000, 0x000000077bf00000, 0x0000000785000000)
  object space 21504K, 14% used [0x000000077aa00000,0x000000077ad20420,0x000000077bf00000)
}
Event: 26,897 GC heap before
{Heap before GC invocations=22 (full 6):
 PSYoungGen      total 448000K, used 128000K [0x00000007d7000000, 0x0000000800000000, 0x0000000800000000)
  eden space 224256K, 0% used [0x00000007d7000000,0x00000007d7000000,0x00000007e4b00000)
  from space 223744K, 57% used [0x00000007f2580000,0x00000007fa280000,0x0000000800000000)
  to   space 223744K, 0% used [0x00000007e4b00000,0x00000007e4b00000,0x00000007f2580000)
 ParOldGen       total 931840K, used 931705K [0x0000000785000000, 0x00000007bde00000, 0x00000007d7000000)
  object space 931840K, 99% used [0x0000000785000000,0x00000007bddde460,0x00000007bde00000)
 PSPermGen       total 21504K, used 3201K [0x000000077aa00000, 0x000000077bf00000, 0x0000000785000000)
  object space 21504K, 14% used [0x000000077aa00000,0x000000077ad20420,0x000000077bf00000)

