# JRE version: OpenJDK Runtime Environment (7.0_95) (build 1.7.0_95-b00)
# Java VM: OpenJDK 64-Bit Server VM (24.95-b01 mixed mode linux-amd64 compressed oops)
Heap
 PSYoungGen      total 425984K, used 202239K [0x00000007d7000000, 0x00000007fee80000, 0x0000000800000000)
  eden space 202240K, 99% used [0x00000007d7000000,0x00000007e357fff8,0x00000007e3580000)
  from space 223744K, 0% used [0x00000007f1000000,0x00000007f1000000,0x00000007fea80000)
  to   space 223744K, 0% used [0x00000007e3580000,0x00000007e3580000,0x00000007f1000000)
 ParOldGen       total 1343488K, used 1343249K [0x0000000785000000, 0x00000007d7000000, 0x00000007d7000000)
  object space 1343488K, 99% used [0x0000000785000000,0x00000007d6fc4718,0x00000007d7000000)
 PSPermGen       total 21504K, used 3247K [0x000000077aa00000, 0x000000077bf00000, 0x0000000785000000)
  object space 21504K, 15% used [0x000000077aa00000,0x000000077ad2bca8,0x000000077bf00000)
GC Heap History (10 events):
Event: 817,402 GC heap after
Heap after GC invocations=89 (full 70):
 PSYoungGen      total 425984K, used 202239K [0x00000007d7000000, 0x00000007fee80000, 0x0000000800000000)
  eden space 202240K, 99% used [0x00000007d7000000,0x00000007e357fff8,0x00000007e3580000)
  from space 223744K, 0% used [0x00000007f1000000,0x00000007f1000000,0x00000007fea80000)
  to   space 223744K, 0% used [0x00000007e3580000,0x00000007e3580000,0x00000007f1000000)
 ParOldGen       total 1343488K, used 1343241K [0x0000000785000000, 0x00000007d7000000, 0x00000007d7000000)
  object space 1343488K, 99% used [0x0000000785000000,0x00000007d6fc2518,0x00000007d7000000)
 PSPermGen       total 21504K, used 3247K [0x000000077aa00000, 0x000000077bf00000, 0x0000000785000000)
  object space 21504K, 15% used [0x000000077aa00000,0x000000077ad2bca8,0x000000077bf00000)
}
Event: 817,403 GC heap before
{Heap before GC invocations=90 (full 71):
 PSYoungGen      total 425984K, used 202239K [0x00000007d7000000, 0x00000007fee80000, 0x0000000800000000)
  eden space 202240K, 99% used [0x00000007d7000000,0x00000007e357fff8,0x00000007e3580000)
  from space 223744K, 0% used [0x00000007f1000000,0x00000007f1000000,0x00000007fea80000)
  to   space 223744K, 0% used [0x00000007e3580000,0x00000007e3580000,0x00000007f1000000)
 ParOldGen       total 1343488K, used 1343243K [0x0000000785000000, 0x00000007d7000000, 0x00000007d7000000)
  object space 1343488K, 99% used [0x0000000785000000,0x00000007d6fc2f50,0x00000007d7000000)
 PSPermGen       total 21504K, used 3247K [0x000000077aa00000, 0x000000077bf00000, 0x0000000785000000)
  object space 21504K, 15% used [0x000000077aa00000,0x000000077ad2bca8,0x000000077bf00000)
Event: 829,657 GC heap after
Heap after GC invocations=90 (full 71):
 PSYoungGen      total 425984K, used 202239K [0x00000007d7000000, 0x00000007fee80000, 0x0000000800000000)
  eden space 202240K, 99% used [0x00000007d7000000,0x00000007e357fff8,0x00000007e3580000)
  from space 223744K, 0% used [0x00000007f1000000,0x00000007f1000000,0x00000007fea80000)
  to   space 223744K, 0% used [0x00000007e3580000,0x00000007e3580000,0x00000007f1000000)
 ParOldGen       total 1343488K, used 1343242K [0x0000000785000000, 0x00000007d7000000, 0x00000007d7000000)
  object space 1343488K, 99% used [0x0000000785000000,0x00000007d6fc2a98,0x00000007d7000000)
 PSPermGen       total 21504K, used 3247K [0x000000077aa00000, 0x000000077bf00000, 0x0000000785000000)
  object space 21504K, 15% used [0x000000077aa00000,0x000000077ad2bca8,0x000000077bf00000)
}
Event: 829,658 GC heap before
{Heap before GC invocations=91 (full 72):
 PSYoungGen      total 425984K, used 202239K [0x00000007d7000000, 0x00000007fee80000, 0x0000000800000000)
  eden space 202240K, 99% used [0x00000007d7000000,0x00000007e357fff8,0x00000007e3580000)
  from space 223744K, 0% used [0x00000007f1000000,0x00000007f1000000,0x00000007fea80000)
  to   space 223744K, 0% used [0x00000007e3580000,0x00000007e3580000,0x00000007f1000000)
 ParOldGen       total 1343488K, used 1343245K [0x0000000785000000, 0x00000007d7000000, 0x00000007d7000000)
  object space 1343488K, 99% used [0x0000000785000000,0x00000007d6fc34b0,0x00000007d7000000)
 PSPermGen       total 21504K, used 3247K [0x000000077aa00000, 0x000000077bf00000, 0x0000000785000000)
  object space 21504K, 15% used [0x000000077aa00000,0x000000077ad2bca8,0x000000077bf00000)
Event: 841,541 GC heap after
Heap after GC invocations=91 (full 72):
 PSYoungGen      total 425984K, used 202239K [0x00000007d7000000, 0x00000007fee80000, 0x0000000800000000)
  eden space 202240K, 99% used [0x00000007d7000000,0x00000007e357fff8,0x00000007e3580000)
  from space 223744K, 0% used [0x00000007f1000000,0x00000007f1000000,0x00000007fea80000)
  to   space 223744K, 0% used [0x00000007e3580000,0x00000007e3580000,0x00000007f1000000)
 ParOldGen       total 1343488K, used 1343244K [0x0000000785000000, 0x00000007d7000000, 0x00000007d7000000)
  object space 1343488K, 99% used [0x0000000785000000,0x00000007d6fc3118,0x00000007d7000000)
 PSPermGen       total 21504K, used 3247K [0x000000077aa00000, 0x000000077bf00000, 0x0000000785000000)
  object space 21504K, 15% used [0x000000077aa00000,0x000000077ad2bca8,0x000000077bf00000)
}
Event: 841,545 GC heap before
{Heap before GC invocations=92 (full 73):
 PSYoungGen      total 425984K, used 202239K [0x00000007d7000000, 0x00000007fee80000, 0x0000000800000000)
  eden space 202240K, 99% used [0x00000007d7000000,0x00000007e357fff8,0x00000007e3580000)
  from space 223744K, 0% used [0x00000007f1000000,0x00000007f1000000,0x00000007fea80000)
  to   space 223744K, 0% used [0x00000007e3580000,0x00000007e3580000,0x00000007f1000000)
 ParOldGen       total 1343488K, used 1343246K [0x0000000785000000, 0x00000007d7000000, 0x00000007d7000000)
  object space 1343488K, 99% used [0x0000000785000000,0x00000007d6fc3b60,0x00000007d7000000)
 PSPermGen       total 21504K, used 3247K [0x000000077aa00000, 0x000000077bf00000, 0x0000000785000000)
  object space 21504K, 15% used [0x000000077aa00000,0x000000077ad2bca8,0x000000077bf00000)
Event: 849,289 GC heap after
Heap after GC invocations=92 (full 73):
 PSYoungGen      total 425984K, used 202239K [0x00000007d7000000, 0x00000007fee80000, 0x0000000800000000)
  eden space 202240K, 99% used [0x00000007d7000000,0x00000007e357fff8,0x00000007e3580000)
  from space 223744K, 0% used [0x00000007f1000000,0x00000007f1000000,0x00000007fea80000)
  to   space 223744K, 0% used [0x00000007e3580000,0x00000007e3580000,0x00000007f1000000)
 ParOldGen       total 1343488K, used 1343245K [0x0000000785000000, 0x00000007d7000000, 0x00000007d7000000)
  object space 1343488K, 99% used [0x0000000785000000,0x00000007d6fc37c8,0x00000007d7000000)
 PSPermGen       total 21504K, used 3247K [0x000000077aa00000, 0x000000077bf00000, 0x0000000785000000)
  object space 21504K, 15% used [0x000000077aa00000,0x000000077ad2bca8,0x000000077bf00000)
}
Event: 849,289 GC heap before
{Heap before GC invocations=93 (full 74):
 PSYoungGen      total 425984K, used 202239K [0x00000007d7000000, 0x00000007fee80000, 0x0000000800000000)
  eden space 202240K, 99% used [0x00000007d7000000,0x00000007e357fff8,0x00000007e3580000)
  from space 223744K, 0% used [0x00000007f1000000,0x00000007f1000000,0x00000007fea80000)
  to   space 223744K, 0% used [0x00000007e3580000,0x00000007e3580000,0x00000007f1000000)
 ParOldGen       total 1343488K, used 1343248K [0x0000000785000000, 0x00000007d7000000, 0x00000007d7000000)
  object space 1343488K, 99% used [0x0000000785000000,0x00000007d6fc41f0,0x00000007d7000000)
 PSPermGen       total 21504K, used 3247K [0x000000077aa00000, 0x000000077bf00000, 0x0000000785000000)
  object space 21504K, 15% used [0x000000077aa00000,0x000000077ad2bca8,0x000000077bf00000)
Event: 857,667 GC heap after
Heap after GC invocations=93 (full 74):
 PSYoungGen      total 425984K, used 202239K [0x00000007d7000000, 0x00000007fee80000, 0x0000000800000000)
  eden space 202240K, 99% used [0x00000007d7000000,0x00000007e357fff8,0x00000007e3580000)
  from space 223744K, 0% used [0x00000007f1000000,0x00000007f1000000,0x00000007fea80000)
  to   space 223744K, 0% used [0x00000007e3580000,0x00000007e3580000,0x00000007f1000000)
 ParOldGen       total 1343488K, used 1343247K [0x0000000785000000, 0x00000007d7000000, 0x00000007d7000000)
  object space 1343488K, 99% used [0x0000000785000000,0x00000007d6fc3ce8,0x00000007d7000000)
 PSPermGen       total 21504K, used 3247K [0x000000077aa00000, 0x000000077bf00000, 0x0000000785000000)
  object space 21504K, 15% used [0x000000077aa00000,0x000000077ad2bca8,0x000000077bf00000)
}
Event: 857,667 GC heap before
{Heap before GC invocations=94 (full 75):
 PSYoungGen      total 425984K, used 202239K [0x00000007d7000000, 0x00000007fee80000, 0x0000000800000000)
  eden space 202240K, 99% used [0x00000007d7000000,0x00000007e357fff8,0x00000007e3580000)
  from space 223744K, 0% used [0x00000007f1000000,0x00000007f1000000,0x00000007fea80000)
  to   space 223744K, 0% used [0x00000007e3580000,0x00000007e3580000,0x00000007f1000000)
 ParOldGen       total 1343488K, used 1343249K [0x0000000785000000, 0x00000007d7000000, 0x00000007d7000000)
  object space 1343488K, 99% used [0x0000000785000000,0x00000007d6fc4718,0x00000007d7000000)
 PSPermGen       total 21504K, used 3247K [0x000000077aa00000, 0x000000077bf00000, 0x0000000785000000)
  object space 21504K, 15% used [0x000000077aa00000,0x000000077ad2bca8,0x000000077bf00000)

